{"/Users/nicholaskempkes/repositories/FEC-2205/Front_End_Capstone/client/src/components/Questions/Sort.jsx": {"path":"/Users/nicholaskempkes/repositories/FEC-2205/Front_End_Capstone/client/src/components/Questions/Sort.jsx","statementMap":{"0":{"start":{"line":3,"column":24},"end":{"line":3,"column":26}},"1":{"start":{"line":4,"column":2},"end":{"line":28,"column":4}},"2":{"start":{"line":5,"column":18},"end":{"line":5,"column":47}},"3":{"start":{"line":6,"column":21},"end":{"line":6,"column":23}},"4":{"start":{"line":7,"column":4},"end":{"line":9,"column":6}},"5":{"start":{"line":8,"column":8},"end":{"line":8,"column":45}},"6":{"start":{"line":10,"column":4},"end":{"line":17,"column":6}},"7":{"start":{"line":11,"column":6},"end":{"line":15,"column":7}},"8":{"start":{"line":12,"column":8},"end":{"line":12,"column":18}},"9":{"start":{"line":13,"column":13},"end":{"line":15,"column":7}},"10":{"start":{"line":14,"column":8},"end":{"line":14,"column":16}},"11":{"start":{"line":16,"column":6},"end":{"line":16,"column":15}},"12":{"start":{"line":18,"column":22},"end":{"line":18,"column":24}},"13":{"start":{"line":19,"column":4},"end":{"line":26,"column":5}},"14":{"start":{"line":19,"column":17},"end":{"line":19,"column":18}},"15":{"start":{"line":20,"column":6},"end":{"line":22,"column":7}},"16":{"start":{"line":21,"column":8},"end":{"line":21,"column":66}},"17":{"start":{"line":23,"column":6},"end":{"line":25,"column":7}},"18":{"start":{"line":24,"column":8},"end":{"line":24,"column":53}},"19":{"start":{"line":27,"column":4},"end":{"line":27,"column":56}},"20":{"start":{"line":30,"column":2},"end":{"line":30,"column":25}}},"fnMap":{"0":{"name":"Sort","decl":{"start":{"line":2,"column":9},"end":{"line":2,"column":13}},"loc":{"start":{"line":2,"column":20},"end":{"line":31,"column":1}},"line":2},"1":{"name":"(anonymous_1)","decl":{"start":{"line":4,"column":11},"end":{"line":4,"column":12}},"loc":{"start":{"line":4,"column":25},"end":{"line":28,"column":3}},"line":4},"2":{"name":"(anonymous_2)","decl":{"start":{"line":7,"column":16},"end":{"line":7,"column":17}},"loc":{"start":{"line":7,"column":24},"end":{"line":9,"column":5}},"line":7},"3":{"name":"(anonymous_3)","decl":{"start":{"line":10,"column":20},"end":{"line":10,"column":21}},"loc":{"start":{"line":10,"column":30},"end":{"line":17,"column":5}},"line":10}},"branchMap":{"0":{"loc":{"start":{"line":11,"column":6},"end":{"line":15,"column":7}},"type":"if","locations":[{"start":{"line":11,"column":6},"end":{"line":15,"column":7}},{"start":{"line":13,"column":13},"end":{"line":15,"column":7}}],"line":11},"1":{"loc":{"start":{"line":13,"column":13},"end":{"line":15,"column":7}},"type":"if","locations":[{"start":{"line":13,"column":13},"end":{"line":15,"column":7}},{"start":{},"end":{}}],"line":13},"2":{"loc":{"start":{"line":20,"column":6},"end":{"line":22,"column":7}},"type":"if","locations":[{"start":{"line":20,"column":6},"end":{"line":22,"column":7}},{"start":{},"end":{}}],"line":20},"3":{"loc":{"start":{"line":23,"column":6},"end":{"line":25,"column":7}},"type":"if","locations":[{"start":{"line":23,"column":6},"end":{"line":25,"column":7}},{"start":{},"end":{}}],"line":23}},"s":{"0":1,"1":1,"2":1,"3":1,"4":1,"5":4,"6":1,"7":5,"8":2,"9":3,"10":3,"11":0,"12":1,"13":1,"14":1,"15":4,"16":1,"17":4,"18":0,"19":1,"20":1},"f":{"0":1,"1":1,"2":4,"3":5},"b":{"0":[2,3],"1":[3,0],"2":[1,3],"3":[0,4]},"_coverageSchema":"1a1c01bbd47fc00a2c39e90264f33305004495a9","hash":"a7f4fafdceb550bf35162abaebc28ddd749475e3"}
}
