{"/Users/T-Spoon/FEC - Project Atelier/Front_End_Capstone/client/src/Features/Styles.js": {"path":"/Users/T-Spoon/FEC - Project Atelier/Front_End_Capstone/client/src/Features/Styles.js","statementMap":{"0":{"start":{"line":3,"column":26},"end":{"line":14,"column":2}},"1":{"start":{"line":8,"column":6},"end":{"line":8,"column":35}},"2":{"start":{"line":11,"column":6},"end":{"line":11,"column":41}},"3":{"start":{"line":16,"column":46},"end":{"line":16,"column":64}}},"fnMap":{"0":{"name":"(anonymous_0)","decl":{"start":{"line":7,"column":15},"end":{"line":7,"column":16}},"loc":{"start":{"line":7,"column":34},"end":{"line":9,"column":5}},"line":7},"1":{"name":"(anonymous_1)","decl":{"start":{"line":10,"column":21},"end":{"line":10,"column":22}},"loc":{"start":{"line":10,"column":40},"end":{"line":12,"column":5}},"line":10}},"branchMap":{},"s":{"0":1,"1":0,"2":0,"3":1},"f":{"0":0,"1":0},"b":{},"_coverageSchema":"1a1c01bbd47fc00a2c39e90264f33305004495a9","hash":"6f667c06638a9cbfa1c8d99ae4178c1074e2fb50"}
,"/Users/T-Spoon/FEC - Project Atelier/Front_End_Capstone/client/src/components/Overview/Overview.jsx": {"path":"/Users/T-Spoon/FEC - Project Atelier/Front_End_Capstone/client/src/components/Overview/Overview.jsx","statementMap":{"0":{"start":{"line":14,"column":19},"end":{"line":14,"column":32}},"1":{"start":{"line":15,"column":18},"end":{"line":15,"column":25}},"2":{"start":{"line":16,"column":19},"end":{"line":26,"column":3}},"3":{"start":{"line":17,"column":4},"end":{"line":25,"column":6}},"4":{"start":{"line":19,"column":6},"end":{"line":19,"column":36}},"5":{"start":{"line":20,"column":6},"end":{"line":20,"column":39}},"6":{"start":{"line":21,"column":6},"end":{"line":21,"column":34}},"7":{"start":{"line":24,"column":6},"end":{"line":24,"column":33}},"8":{"start":{"line":28,"column":2},"end":{"line":30,"column":9}},"9":{"start":{"line":29,"column":4},"end":{"line":29,"column":22}},"10":{"start":{"line":32,"column":4},"end":{"line":40,"column":5}}},"fnMap":{"0":{"name":"Overview","decl":{"start":{"line":13,"column":9},"end":{"line":13,"column":17}},"loc":{"start":{"line":13,"column":21},"end":{"line":41,"column":1}},"line":13},"1":{"name":"(anonymous_1)","decl":{"start":{"line":16,"column":19},"end":{"line":16,"column":20}},"loc":{"start":{"line":16,"column":34},"end":{"line":26,"column":3}},"line":16},"2":{"name":"(anonymous_2)","decl":{"start":{"line":18,"column":10},"end":{"line":18,"column":11}},"loc":{"start":{"line":18,"column":23},"end":{"line":22,"column":5}},"line":18},"3":{"name":"(anonymous_3)","decl":{"start":{"line":23,"column":11},"end":{"line":23,"column":12}},"loc":{"start":{"line":23,"column":22},"end":{"line":25,"column":5}},"line":23},"4":{"name":"(anonymous_4)","decl":{"start":{"line":28,"column":12},"end":{"line":28,"column":13}},"loc":{"start":{"line":28,"column":18},"end":{"line":30,"column":3}},"line":28}},"branchMap":{},"s":{"0":3,"1":0,"2":0,"3":0,"4":0,"5":0,"6":0,"7":0,"8":0,"9":0,"10":0},"f":{"0":3,"1":0,"2":0,"3":0,"4":0},"b":{},"_coverageSchema":"1a1c01bbd47fc00a2c39e90264f33305004495a9","hash":"97c3eca53d523103d299a4966f84be98c2f94bae"}
,"/Users/T-Spoon/FEC - Project Atelier/Front_End_Capstone/client/src/components/Overview/Add Cart/AddCart.jsx": {"path":"/Users/T-Spoon/FEC - Project Atelier/Front_End_Capstone/client/src/components/Overview/Add Cart/AddCart.jsx","statementMap":{"0":{"start":{"line":4,"column":2},"end":{"line":6,"column":3}}},"fnMap":{"0":{"name":"AddCart","decl":{"start":{"line":3,"column":9},"end":{"line":3,"column":16}},"loc":{"start":{"line":3,"column":20},"end":{"line":7,"column":1}},"line":3}},"branchMap":{},"s":{"0":0},"f":{"0":0},"b":{},"_coverageSchema":"1a1c01bbd47fc00a2c39e90264f33305004495a9","hash":"bd0798516c6dd500ff46d4993955da9b6c64e728"}
,"/Users/T-Spoon/FEC - Project Atelier/Front_End_Capstone/client/src/components/Overview/Product Details/Details.jsx": {"path":"/Users/T-Spoon/FEC - Project Atelier/Front_End_Capstone/client/src/components/Overview/Product Details/Details.jsx","statementMap":{"0":{"start":{"line":5,"column":23},"end":{"line":5,"column":84}},"1":{"start":{"line":5,"column":46},"end":{"line":5,"column":83}},"2":{"start":{"line":7,"column":2},"end":{"line":11,"column":3}}},"fnMap":{"0":{"name":"Details","decl":{"start":{"line":4,"column":9},"end":{"line":4,"column":16}},"loc":{"start":{"line":4,"column":20},"end":{"line":12,"column":1}},"line":4},"1":{"name":"(anonymous_1)","decl":{"start":{"line":5,"column":35},"end":{"line":5,"column":36}},"loc":{"start":{"line":5,"column":46},"end":{"line":5,"column":83}},"line":5}},"branchMap":{},"s":{"0":0,"1":0,"2":0},"f":{"0":0,"1":0},"b":{},"_coverageSchema":"1a1c01bbd47fc00a2c39e90264f33305004495a9","hash":"848800910e7b70da9d2a8ffa9dd14a352bc119d6"}
,"/Users/T-Spoon/FEC - Project Atelier/Front_End_Capstone/client/src/components/Overview/Product Details/Price.jsx": {"path":"/Users/T-Spoon/FEC - Project Atelier/Front_End_Capstone/client/src/components/Overview/Product Details/Price.jsx","statementMap":{"0":{"start":{"line":13,"column":20},"end":{"line":13,"column":75}},"1":{"start":{"line":13,"column":43},"end":{"line":13,"column":74}},"2":{"start":{"line":15,"column":23},"end":{"line":15,"column":76}},"3":{"start":{"line":15,"column":46},"end":{"line":15,"column":75}},"4":{"start":{"line":17,"column":22},"end":{"line":17,"column":23}},"5":{"start":{"line":18,"column":18},"end":{"line":18,"column":22}},"6":{"start":{"line":20,"column":2},"end":{"line":28,"column":3}},"7":{"start":{"line":21,"column":4},"end":{"line":27,"column":6}},"8":{"start":{"line":22,"column":6},"end":{"line":26,"column":7}},"9":{"start":{"line":23,"column":8},"end":{"line":23,"column":44}},"10":{"start":{"line":24,"column":8},"end":{"line":24,"column":36}},"11":{"start":{"line":31,"column":0},"end":{"line":44,"column":1}},"12":{"start":{"line":32,"column":2},"end":{"line":36,"column":3}},"13":{"start":{"line":37,"column":7},"end":{"line":44,"column":1}},"14":{"start":{"line":38,"column":2},"end":{"line":43,"column":3}}},"fnMap":{"0":{"name":"Price","decl":{"start":{"line":12,"column":9},"end":{"line":12,"column":14}},"loc":{"start":{"line":12,"column":18},"end":{"line":46,"column":1}},"line":12},"1":{"name":"(anonymous_1)","decl":{"start":{"line":13,"column":32},"end":{"line":13,"column":33}},"loc":{"start":{"line":13,"column":43},"end":{"line":13,"column":74}},"line":13},"2":{"name":"(anonymous_2)","decl":{"start":{"line":15,"column":35},"end":{"line":15,"column":36}},"loc":{"start":{"line":15,"column":46},"end":{"line":15,"column":75}},"line":15},"3":{"name":"(anonymous_3)","decl":{"start":{"line":21,"column":18},"end":{"line":21,"column":19}},"loc":{"start":{"line":21,"column":36},"end":{"line":27,"column":5}},"line":21}},"branchMap":{"0":{"loc":{"start":{"line":20,"column":2},"end":{"line":28,"column":3}},"type":"if","locations":[{"start":{"line":20,"column":2},"end":{"line":28,"column":3}},{"start":{},"end":{}}],"line":20},"1":{"loc":{"start":{"line":22,"column":6},"end":{"line":26,"column":7}},"type":"if","locations":[{"start":{"line":22,"column":6},"end":{"line":26,"column":7}},{"start":{},"end":{}}],"line":22},"2":{"loc":{"start":{"line":31,"column":0},"end":{"line":44,"column":1}},"type":"if","locations":[{"start":{"line":31,"column":0},"end":{"line":44,"column":1}},{"start":{"line":37,"column":7},"end":{"line":44,"column":1}}],"line":31},"3":{"loc":{"start":{"line":37,"column":7},"end":{"line":44,"column":1}},"type":"if","locations":[{"start":{"line":37,"column":7},"end":{"line":44,"column":1}},{"start":{},"end":{}}],"line":37}},"s":{"0":0,"1":0,"2":0,"3":0,"4":0,"5":0,"6":0,"7":0,"8":0,"9":0,"10":0,"11":0,"12":0,"13":0,"14":0},"f":{"0":0,"1":0,"2":0,"3":0},"b":{"0":[0,0],"1":[0,0],"2":[0,0],"3":[0,0]},"_coverageSchema":"1a1c01bbd47fc00a2c39e90264f33305004495a9","hash":"ce9e98653304aa86239701aa8c66982d20cdc4df"}
,"/Users/T-Spoon/FEC - Project Atelier/Front_End_Capstone/client/src/components/Overview/Product Details/ProductDetails.jsx": {"path":"/Users/T-Spoon/FEC - Project Atelier/Front_End_Capstone/client/src/components/Overview/Product Details/ProductDetails.jsx","statementMap":{"0":{"start":{"line":13,"column":22},"end":{"line":13,"column":76}},"1":{"start":{"line":13,"column":45},"end":{"line":13,"column":75}},"2":{"start":{"line":14,"column":26},"end":{"line":14,"column":84}},"3":{"start":{"line":14,"column":49},"end":{"line":14,"column":83}},"4":{"start":{"line":16,"column":2},"end":{"line":24,"column":3}}},"fnMap":{"0":{"name":"ProductDetails","decl":{"start":{"line":10,"column":9},"end":{"line":10,"column":23}},"loc":{"start":{"line":10,"column":27},"end":{"line":25,"column":1}},"line":10},"1":{"name":"(anonymous_1)","decl":{"start":{"line":13,"column":34},"end":{"line":13,"column":35}},"loc":{"start":{"line":13,"column":45},"end":{"line":13,"column":75}},"line":13},"2":{"name":"(anonymous_2)","decl":{"start":{"line":14,"column":38},"end":{"line":14,"column":39}},"loc":{"start":{"line":14,"column":49},"end":{"line":14,"column":83}},"line":14}},"branchMap":{},"s":{"0":0,"1":0,"2":0,"3":0,"4":0},"f":{"0":0,"1":0,"2":0},"b":{},"_coverageSchema":"1a1c01bbd47fc00a2c39e90264f33305004495a9","hash":"4000b49bcb015f55d3fb50fba348284c3291436b"}
,"/Users/T-Spoon/FEC - Project Atelier/Front_End_Capstone/client/src/components/Overview/Product Details/ShareSocial.jsx": {"path":"/Users/T-Spoon/FEC - Project Atelier/Front_End_Capstone/client/src/components/Overview/Product Details/ShareSocial.jsx","statementMap":{"0":{"start":{"line":12,"column":2},"end":{"line":18,"column":3}}},"fnMap":{"0":{"name":"ShareSocial","decl":{"start":{"line":10,"column":9},"end":{"line":10,"column":20}},"loc":{"start":{"line":10,"column":24},"end":{"line":20,"column":1}},"line":10}},"branchMap":{},"s":{"0":0},"f":{"0":0},"b":{},"_coverageSchema":"1a1c01bbd47fc00a2c39e90264f33305004495a9","hash":"8b6d91ec96e557ae49aed69ecef43fc2c91b3b05"}
,"/Users/T-Spoon/FEC - Project Atelier/Front_End_Capstone/client/src/components/Overview/Style Selector/StyleSelector.jsx": {"path":"/Users/T-Spoon/FEC - Project Atelier/Front_End_Capstone/client/src/components/Overview/Style Selector/StyleSelector.jsx","statementMap":{"0":{"start":{"line":22,"column":20},"end":{"line":22,"column":75}},"1":{"start":{"line":22,"column":43},"end":{"line":22,"column":74}},"2":{"start":{"line":23,"column":2},"end":{"line":23,"column":41}},"3":{"start":{"line":24,"column":23},"end":{"line":24,"column":76}},"4":{"start":{"line":24,"column":46},"end":{"line":24,"column":75}},"5":{"start":{"line":25,"column":2},"end":{"line":25,"column":44}},"6":{"start":{"line":27,"column":2},"end":{"line":34,"column":43}},"7":{"start":{"line":31,"column":8},"end":{"line":31,"column":79}}},"fnMap":{"0":{"name":"StyleSelector","decl":{"start":{"line":21,"column":9},"end":{"line":21,"column":22}},"loc":{"start":{"line":21,"column":26},"end":{"line":36,"column":1}},"line":21},"1":{"name":"(anonymous_1)","decl":{"start":{"line":22,"column":32},"end":{"line":22,"column":33}},"loc":{"start":{"line":22,"column":43},"end":{"line":22,"column":74}},"line":22},"2":{"name":"(anonymous_2)","decl":{"start":{"line":24,"column":35},"end":{"line":24,"column":36}},"loc":{"start":{"line":24,"column":46},"end":{"line":24,"column":75}},"line":24},"3":{"name":"(anonymous_3)","decl":{"start":{"line":30,"column":21},"end":{"line":30,"column":22}},"loc":{"start":{"line":30,"column":39},"end":{"line":32,"column":7}},"line":30}},"branchMap":{"0":{"loc":{"start":{"line":27,"column":10},"end":{"line":34,"column":42}},"type":"cond-expr","locations":[{"start":{"line":28,"column":4},"end":{"line":33,"column":10}},{"start":{"line":34,"column":6},"end":{"line":34,"column":42}}],"line":27}},"s":{"0":0,"1":0,"2":0,"3":0,"4":0,"5":0,"6":0,"7":0},"f":{"0":0,"1":0,"2":0,"3":0},"b":{"0":[0,0]},"_coverageSchema":"1a1c01bbd47fc00a2c39e90264f33305004495a9","hash":"34b610d96e8000b289e3c161455c6650d7b9aab2"}
,"/Users/T-Spoon/FEC - Project Atelier/Front_End_Capstone/client/src/components/Overview/Style Selector/StyleThumbnails.jsx": {"path":"/Users/T-Spoon/FEC - Project Atelier/Front_End_Capstone/client/src/components/Overview/Style Selector/StyleThumbnails.jsx","statementMap":{"0":{"start":{"line":4,"column":2},"end":{"line":6,"column":3}}},"fnMap":{"0":{"name":"StyleThumbnails","decl":{"start":{"line":3,"column":9},"end":{"line":3,"column":24}},"loc":{"start":{"line":3,"column":33},"end":{"line":8,"column":1}},"line":3}},"branchMap":{},"s":{"0":0},"f":{"0":0},"b":{},"_coverageSchema":"1a1c01bbd47fc00a2c39e90264f33305004495a9","hash":"92aae59d9d88da40edda9ab5a624bdbc8b59f97e"}
}
