TN:
SF:client/src/components/Questions/Sort.jsx
FN:2,Sort
FN:4,(anonymous_1)
FN:7,(anonymous_2)
FN:10,(anonymous_3)
FNF:4
FNH:4
FNDA:1,Sort
FNDA:1,(anonymous_1)
FNDA:4,(anonymous_2)
FNDA:5,(anonymous_3)
DA:3,1
DA:4,1
DA:5,1
DA:6,1
DA:7,1
DA:8,4
DA:10,1
DA:11,5
DA:12,2
DA:13,3
DA:14,3
DA:16,0
DA:18,1
DA:19,1
DA:20,4
DA:21,1
DA:23,4
DA:24,0
DA:27,1
DA:30,1
LF:20
LH:18
BRDA:11,0,0,2
BRDA:11,0,1,3
BRDA:13,1,0,3
BRDA:13,1,1,0
BRDA:20,2,0,1
BRDA:20,2,1,3
BRDA:23,3,0,0
BRDA:23,3,1,4
BRF:8
BRH:6
end_of_record
